[Thu Feb 06 10:48:43 EST 2014] java.net.ConnectException: Connection refused
	at java.net.PlainSocketImpl.socketConnect(Native Method)
	at java.net.PlainSocketImpl.doConnect(PlainSocketImpl.java:382)
	at java.net.PlainSocketImpl.connectToAddress(PlainSocketImpl.java:241)
	at java.net.PlainSocketImpl.connect(PlainSocketImpl.java:228)
	at java.net.SocksSocketImpl.connect(SocksSocketImpl.java:431)
	at java.net.Socket.connect(Socket.java:527)
	at org.chromium.sdk.internal.transport.SocketWrapper.<init>(SocketWrapper.java:37)
	at org.chromium.sdk.internal.transport.SocketConnection.attach(SocketConnection.java:288)
	at org.chromium.sdk.internal.transport.SocketConnection.start(SocketConnection.java:443)
	at org.chromium.sdk.internal.standalonev8.StandaloneVmImpl.attachImpl(StandaloneVmImpl.java:120)
	at org.chromium.sdk.internal.standalonev8.StandaloneVmImpl.attach(StandaloneVmImpl.java:78)
	at com.aptana.js.debug.core.v8.V8DebugHost.initSession(V8DebugHost.java:1296)
	at com.aptana.js.debug.core.internal.model.AbstractDebugHost.start(AbstractDebugHost.java:199)
	at com.aptana.js.debug.core.v8.V8DebugConnection.createConnection(V8DebugConnection.java:55)
	at com.appcelerator.titanium.android.core.launching.AndroidDebugLaunchHelper.initiateDebuggerConnection(AndroidDebugLaunchHelper.java:238)
	at com.appcelerator.titanium.android.core.launching.AndroidDebugLaunchHelper.access$0(AndroidDebugLaunchHelper.java:210)
	at com.appcelerator.titanium.android.core.launching.AndroidDebugLaunchHelper$1.run(AndroidDebugLaunchHelper.java:80)
	at java.lang.Thread.run(Thread.java:695)

[Thu Feb 06 17:09:56 EST 2014] java.net.ConnectException: Connection refused
	at java.net.PlainSocketImpl.socketConnect(Native Method)
	at java.net.PlainSocketImpl.doConnect(PlainSocketImpl.java:382)
	at java.net.PlainSocketImpl.connectToAddress(PlainSocketImpl.java:241)
	at java.net.PlainSocketImpl.connect(PlainSocketImpl.java:228)
	at java.net.SocksSocketImpl.connect(SocksSocketImpl.java:431)
	at java.net.Socket.connect(Socket.java:527)
	at org.chromium.sdk.internal.transport.SocketWrapper.<init>(SocketWrapper.java:37)
	at org.chromium.sdk.internal.transport.SocketConnection.attach(SocketConnection.java:288)
	at org.chromium.sdk.internal.transport.SocketConnection.start(SocketConnection.java:443)
	at org.chromium.sdk.internal.standalonev8.StandaloneVmImpl.attachImpl(StandaloneVmImpl.java:120)
	at org.chromium.sdk.internal.standalonev8.StandaloneVmImpl.attach(StandaloneVmImpl.java:78)
	at com.aptana.js.debug.core.v8.V8DebugHost.initSession(V8DebugHost.java:1296)
	at com.aptana.js.debug.core.internal.model.AbstractDebugHost.start(AbstractDebugHost.java:199)
	at com.aptana.js.debug.core.v8.V8DebugConnection.createConnection(V8DebugConnection.java:55)
	at com.appcelerator.titanium.android.ui.launching.device.AndroidDebugOnDeviceLaunchConfigurationDelegate.createConnection(AndroidDebugOnDeviceLaunchConfigurationDelegate.java:268)
	at com.appcelerator.titanium.android.ui.launching.device.AndroidDebugOnDeviceLaunchConfigurationDelegate.connect(AndroidDebugOnDeviceLaunchConfigurationDelegate.java:210)
	at com.appcelerator.titanium.android.ui.launching.device.AndroidDebugOnDeviceLaunchConfigurationDelegate.launch(AndroidDebugOnDeviceLaunchConfigurationDelegate.java:143)
	at org.eclipse.debug.internal.core.LaunchConfiguration.launch(LaunchConfiguration.java:858)
	at org.eclipse.debug.internal.core.LaunchConfiguration.launch(LaunchConfiguration.java:707)
	at org.eclipse.debug.internal.ui.DebugUIPlugin.buildAndLaunch(DebugUIPlugin.java:1018)
	at org.eclipse.debug.internal.ui.DebugUIPlugin$8.run(DebugUIPlugin.java:1222)
	at org.eclipse.core.internal.jobs.Worker.run(Worker.java:53)

[Fri Feb 07 00:23:00 EST 2014] java.net.ConnectException: Connection refused
	at java.net.PlainSocketImpl.socketConnect(Native Method)
	at java.net.PlainSocketImpl.doConnect(PlainSocketImpl.java:382)
	at java.net.PlainSocketImpl.connectToAddress(PlainSocketImpl.java:241)
	at java.net.PlainSocketImpl.connect(PlainSocketImpl.java:228)
	at java.net.SocksSocketImpl.connect(SocksSocketImpl.java:431)
	at java.net.Socket.connect(Socket.java:527)
	at org.chromium.sdk.internal.transport.SocketWrapper.<init>(SocketWrapper.java:37)
	at org.chromium.sdk.internal.transport.SocketConnection.attach(SocketConnection.java:288)
	at org.chromium.sdk.internal.transport.SocketConnection.start(SocketConnection.java:443)
	at org.chromium.sdk.internal.standalonev8.StandaloneVmImpl.attachImpl(StandaloneVmImpl.java:120)
	at org.chromium.sdk.internal.standalonev8.StandaloneVmImpl.attach(StandaloneVmImpl.java:78)
	at com.aptana.js.debug.core.v8.V8DebugHost.initSession(V8DebugHost.java:1296)
	at com.aptana.js.debug.core.internal.model.AbstractDebugHost.start(AbstractDebugHost.java:199)
	at com.aptana.js.debug.core.v8.V8DebugConnection.createConnection(V8DebugConnection.java:55)
	at com.appcelerator.titanium.android.ui.launching.device.AndroidDebugOnDeviceLaunchConfigurationDelegate.createConnection(AndroidDebugOnDeviceLaunchConfigurationDelegate.java:268)
	at com.appcelerator.titanium.android.ui.launching.device.AndroidDebugOnDeviceLaunchConfigurationDelegate.connect(AndroidDebugOnDeviceLaunchConfigurationDelegate.java:210)
	at com.appcelerator.titanium.android.ui.launching.device.AndroidDebugOnDeviceLaunchConfigurationDelegate.launch(AndroidDebugOnDeviceLaunchConfigurationDelegate.java:143)
	at org.eclipse.debug.internal.core.LaunchConfiguration.launch(LaunchConfiguration.java:858)
	at org.eclipse.debug.internal.core.LaunchConfiguration.launch(LaunchConfiguration.java:707)
	at org.eclipse.debug.internal.ui.DebugUIPlugin.buildAndLaunch(DebugUIPlugin.java:1018)
	at org.eclipse.debug.internal.ui.DebugUIPlugin$8.run(DebugUIPlugin.java:1222)
	at org.eclipse.core.internal.jobs.Worker.run(Worker.java:53)

